0 info it worked if it ends with ok
1 verbose cli [ '/usr/local/Cellar/node/5.3.0/bin/node',
1 verbose cli   '/usr/local/bin/npm',
1 verbose cli   'start' ]
2 info using npm@3.5.1
3 info using node@v5.3.0
4 verbose run-script [ 'prestart', 'start', 'poststart' ]
5 info lifecycle labb3socket@0.0.0~prestart: labb3socket@0.0.0
6 silly lifecycle labb3socket@0.0.0~prestart: no script for prestart, continuing
7 info lifecycle labb3socket@0.0.0~start: labb3socket@0.0.0
8 verbose lifecycle labb3socket@0.0.0~start: unsafe-perm in lifecycle true
9 verbose lifecycle labb3socket@0.0.0~start: PATH: /usr/local/lib/node_modules/npm/bin/node-gyp-bin:/Users/luben/Documents/KTH/server/labb3socket/node_modules/.bin:/usr/local/sbin:/usr/local/heroku/bin:/Users/luben/.dnx/runtimes/dnx-mono.1.0.0-rc1-final/bin:/Users/luben/.rbenv/shims:/Applications/android-sdk-macosx/platform-tools/adb:/usr/local/bin:/usr/bin:/bin:/usr/sbin:/sbin:/opt/X11/bin:/usr/local/MacGPG2/bin:/usr/texbin:/Applications/XAMPP/xamppfiles/bin:/Library/TeX/Distributions/Programs/texbin/:~/npm-global/bin:.:/usr/local/go/bin/go:~/.composer/vendor/bin:/usr/local/bin:/usr/bin:/bin:/usr/sbin:/sbin:/opt/X11/bin:/usr/local/go/bin:/usr/local/MacGPG2/bin:/usr/texbin
10 verbose lifecycle labb3socket@0.0.0~start: CWD: /Users/luben/Documents/KTH/server/labb3socket
11 silly lifecycle labb3socket@0.0.0~start: Args: [ '-c', 'node ./index.js' ]
12 silly lifecycle labb3socket@0.0.0~start: Returned: code: 1  signal: null
13 info lifecycle labb3socket@0.0.0~start: Failed to exec start script
14 verbose stack Error: labb3socket@0.0.0 start: `node ./index.js`
14 verbose stack Exit status 1
14 verbose stack     at EventEmitter.<anonymous> (/usr/local/lib/node_modules/npm/lib/utils/lifecycle.js:232:16)
14 verbose stack     at emitTwo (events.js:87:13)
14 verbose stack     at EventEmitter.emit (events.js:172:7)
14 verbose stack     at ChildProcess.<anonymous> (/usr/local/lib/node_modules/npm/lib/utils/spawn.js:24:14)
14 verbose stack     at emitTwo (events.js:87:13)
14 verbose stack     at ChildProcess.emit (events.js:172:7)
14 verbose stack     at maybeClose (internal/child_process.js:818:16)
14 verbose stack     at Process.ChildProcess._handle.onexit (internal/child_process.js:211:5)
15 verbose pkgid labb3socket@0.0.0
16 verbose cwd /Users/luben/Documents/KTH/server/labb3socket
17 error Darwin 15.2.0
18 error argv "/usr/local/Cellar/node/5.3.0/bin/node" "/usr/local/bin/npm" "start"
19 error node v5.3.0
20 error npm  v3.5.1
21 error code ELIFECYCLE
22 error labb3socket@0.0.0 start: `node ./index.js`
22 error Exit status 1
23 error Failed at the labb3socket@0.0.0 start script 'node ./index.js'.
23 error Make sure you have the latest version of node.js and npm installed.
23 error If you do, this is most likely a problem with the labb3socket package,
23 error not with npm itself.
23 error Tell the author that this fails on your system:
23 error     node ./index.js
23 error You can get information on how to open an issue for this project with:
23 error     npm bugs labb3socket
23 error Or if that isn't available, you can get their info via:
23 error     npm owner ls labb3socket
23 error There is likely additional logging output above.
24 verbose exit [ 1, true ]
